<?xml version="1.0" encoding="UTF-8"?>
<testng-results skipped="0" failed="0" ignored="0" total="2" passed="2">
  <reporter-output>
  </reporter-output>
  <suite name="Default Suite" duration-ms="44" started-at="2018-11-06T13:26:01Z" finished-at="2018-11-06T13:26:01Z">
    <groups>
    </groups>
    <test name="selenium_test1" duration-ms="44" started-at="2018-11-06T13:26:01Z" finished-at="2018-11-06T13:26:01Z">
      <class name="com.testng.TestNG1">
        <test-method status="PASS" signature="testCase()[pri:0, instance:com.testng.TestNG1@2812cbfa]" name="testCase" is-config="true" duration-ms="15" started-at="2018-11-06T21:26:01Z" finished-at="2018-11-06T21:26:01Z">
          <reporter-output>
          </reporter-output>
        </test-method> <!-- testCase -->
        <test-method status="PASS" signature="testCase1()[pri:0, instance:com.testng.TestNG1@2812cbfa]" name="testCase1" duration-ms="2" started-at="2018-11-06T21:26:01Z" finished-at="2018-11-06T21:26:01Z">
          <reporter-output>
          </reporter-output>
        </test-method> <!-- testCase1 -->
        <test-method status="PASS" signature="beforeMethod()[pri:0, instance:com.testng.TestNG1@2812cbfa]" name="beforeMethod" is-config="true" duration-ms="0" started-at="2018-11-06T21:26:01Z" finished-at="2018-11-06T21:26:01Z">
          <reporter-output>
          </reporter-output>
        </test-method> <!-- beforeMethod -->
        <test-method status="PASS" signature="afterMethod()[pri:0, instance:com.testng.TestNG1@2812cbfa]" name="afterMethod" is-config="true" duration-ms="1" started-at="2018-11-06T21:26:01Z" finished-at="2018-11-06T21:26:01Z">
          <reporter-output>
          </reporter-output>
        </test-method> <!-- afterMethod -->
        <test-method status="PASS" signature="testCase2()[pri:0, instance:com.testng.TestNG1@2812cbfa]" name="testCase2" duration-ms="0" started-at="2018-11-06T21:26:01Z" finished-at="2018-11-06T21:26:01Z">
          <reporter-output>
          </reporter-output>
        </test-method> <!-- testCase2 -->
        <test-method status="PASS" signature="beforeMethod()[pri:0, instance:com.testng.TestNG1@2812cbfa]" name="beforeMethod" is-config="true" duration-ms="0" started-at="2018-11-06T21:26:01Z" finished-at="2018-11-06T21:26:01Z">
          <reporter-output>
          </reporter-output>
        </test-method> <!-- beforeMethod -->
        <test-method status="PASS" signature="afterMethod()[pri:0, instance:com.testng.TestNG1@2812cbfa]" name="afterMethod" is-config="true" duration-ms="1" started-at="2018-11-06T21:26:01Z" finished-at="2018-11-06T21:26:01Z">
          <reporter-output>
          </reporter-output>
        </test-method> <!-- afterMethod -->
        <test-method status="PASS" signature="afterCase()[pri:0, instance:com.testng.TestNG1@2812cbfa]" name="afterCase" is-config="true" duration-ms="0" started-at="2018-11-06T21:26:01Z" finished-at="2018-11-06T21:26:01Z">
          <reporter-output>
          </reporter-output>
        </test-method> <!-- afterCase -->
      </class> <!-- com.testng.TestNG1 -->
    </test> <!-- selenium_test1 -->
  </suite> <!-- Default Suite -->
</testng-results>
